<?xml version="1.0" encoding="UTF-8"?>
<testng-results ignored="1" total="2" passed="1" failed="0" skipped="0">
  <reporter-output>
  </reporter-output>
  <suite started-at="2023-11-28T15:25:20 IST" name="Default suite" finished-at="2023-11-28T15:25:20 IST" duration-ms="55">
    <groups>
    </groups>
    <test started-at="2023-11-28T15:25:20 IST" name="Default test" finished-at="2023-11-28T15:25:20 IST" duration-ms="55">
      <class name="com.Project_Dummy.Practice.DummyTest1">
        <test-method signature="m1()[pri:0, instance:com.Project_Dummy.Practice.DummyTest1@7ef82753]" started-at="2023-11-28T15:25:20 IST" name="m1" finished-at="2023-11-28T15:25:20 IST" duration-ms="10" status="PASS">
          <reporter-output>
          </reporter-output>
        </test-method> <!-- m1 -->
      </class> <!-- com.Project_Dummy.Practice.DummyTest1 -->
    </test> <!-- Default test -->
  </suite> <!-- Default suite -->
</testng-results>
